<?xml version="1.0" encoding="UTF-8"?>
<!-- Generated by org.testng.reporters.JUnitReportReporter -->
<testsuite skipped="0" hostname="TVT-A-EC-729" name="sum2.sum2.Add" tests="1" failures="0" timestamp="2020-04-17T16:04:15 IST" time="0.008" errors="0">
  <testcase name="test" time="0.008" classname="sum2.sum2.Add"/>
</testsuite> <!-- sum2.sum2.Add -->
